Kompiluję Przelewankę
Przetwarzam: GH_adasiek96.ml
(B[mPrzetwarzam: GH_aswietlik.ml
(B[mPrzetwarzam: GH_sebastianjaszczur.ml
[36mTest  1077: [0m[32mOK!  (czas:   0.05s)[0m
[36mTest  1300: [0m[32mOK!  (czas:   0.64s)[0m
[36mTest  1301: [0m[32mOK!  (czas:   0.19s)[0m
[36mTest  1306: [0m[32mOK!  (czas:   0.46s)[0m
[36mTest  1313: [0m[32mOK!  (czas:   1.01s)[0m
[36mTest  1314: [0m[32mOK!  (czas:   0.21s)[0m
[36mTest  1319: [0m[32mOK!  (czas:   1.12s)[0m
[36mTest  1322: [0m[32mOK!  (czas:   1.36s)[0m
[36mTest  1334: [0m[32mOK!  (czas:   1.35s)[0m
[36mTest  1338: [0m[32mOK!  (czas:   0.05s)[0m
[36mTest  1342: [0m[32mOK!  (czas:   0.37s)[0m
[36mTest  1353: [0m[32mOK!  (czas:   0.30s)[0m
[36mTest  1355: [0m[32mOK!  (czas:   0.16s)[0m
[36mTest  1357: [0m[32mOK!  (czas:   0.05s)[0m
[36mTest  1365: [0m[32mOK!  (czas:   2.30s)[0m
[36mTest  1366: [0m[32mOK!  (czas:   0.57s)[0m
[36mTest  1371: [0m[32mOK!  (czas:   0.64s)[0m
[36mTest  1376: [0m[32mOK!  (czas:   1.24s)[0m
[36mTest  1397: [0m[32mOK!  (czas:   0.16s)[0m
[36mTest  1401: [0m[32mOK!  (czas:   0.17s)[0m
[36mTest  1404: [0m[32mOK!  (czas:   0.05s)[0m
[36mTest  1408: [0m[32mOK!  (czas:   0.08s)[0m
[36mTest  1412: [0m[32mOK!  (czas:   0.36s)[0m
[36mTest  1423: [0m[32mOK!  (czas:   0.39s)[0m
[36mTest  1433: [0m[32mOK!  (czas:   0.10s)[0m
[36mTest  1435: [0m[32mOK!  (czas:   0.89s)[0m
[36mTest  1440: [0m[32mOK!  (czas:   0.21s)[0m
[36mTest  1446: [0m[32mOK!  (czas:   0.10s)[0m
[36mTest  1447: [0m[32mOK!  (czas:   0.11s)[0m
[36mTest  1451: [0m[32mOK!  (czas:   0.53s)[0m
[36mTest  1452: [0m[32mOK!  (czas:   0.35s)[0m
[36mTest  1453: [0m[32mOK!  (czas:   1.65s)[0m
[36mTest  1455: [0m[32mOK!  (czas:   0.78s)[0m
[36mTest  1459: [0m[32mOK!  (czas:   0.05s)[0m

Testy OK
(B[mPrzetwarzam: a_0FF|(|4|__73572.ml
Test 101: ... 0.000002 OK
Test 102: ... 0.000012 OK
Test 103: ... 0.000007 OK
Test 104: ... 0.000001 OK
Test 105: ... 0.000001 OK
Test 106: ... 0.000006 OK
Test 201: ... 0.000009 OK
Test 202: ... 0.018296 OK
Test 301: ... 0.000010 OK
Test 302: ... 0.000082 OK
Test 303: ... 0.000144 OK
Test 304: ... 0.001073 OK
Test 305: ... 0.000267 OK
Test 307: ... 0.000274 OK
Test 308: ... 0.000598 OK
Test 309: ... 0.005341 OK
Test 310: ... 0.001547 OK
Test 311: ... 0.000115 OK
Test 312: ... 0.000057 OK
Test 313: ... 0.000058 OK
Test 314: ... 0.006649 OK
Test 315: ... 0.094228 OK
Test 316: ... 0.455780 OK
Test 317: ... 2.319032 OK
Test 318: ... 2.261423 OK
Test 401: ... 0.098927 OK
Test 402: ... 0.132980 OK
Test 403: ... 0.014576 OK
Test 404: ... 663.260124 OK
Test 405: ... 0.001272 OK
Test 421: ... 0.000111 OK
Zużycie pamięci: 2713.0 10.0 1035.0
Test 422: ... 0.000182 OK
Zużycie pamięci: 27733.0 10.0 1035.0
Test 423: ... 0.008019 OK
Zużycie pamięci: 278028.0 26485.0 31608.0
Test 424: ... 0.085570 OK
Zużycie pamięci: 2780103.0 384913.0 512924.0
Test 425: ... 0.901386 OK
Zużycie pamięci: 27801281.0 3988337.0 5033858.0
Test 426: ... 10.201618 OK
Zużycie pamięci: 278013262.0 39983762.0 48369321.0
Test 451: ... 0.000011 OK
Zużycie pamięci: 206.0 12.0 1037.0
Test 452: ... 0.000007 OK
Zużycie pamięci: 360.0 13.0 1038.0
Test 453: ... 0.000010 OK
Zużycie pamięci: 870.0 14.0 1039.0
Test 454: ... 0.000021 OK
Zużycie pamięci: 2430.0 15.0 1040.0
Test 455: ... 0.000073 OK
Zużycie pamięci: 6956.0 16.0 1041.0
Test 456: ... 0.000138 OK
Zużycie pamięci: 19576.0 17.0 1042.0
Test 457: ... 0.000375 OK
Zużycie pamięci: 53666.0 18.0 1043.0
Test 458: ... 0.001100 OK
Zużycie pamięci: 143370.0 19.0 1044.0
Test 459: ... 0.002938 OK
Zużycie pamięci: 374260.0 6538.0 7563.0
Test 460: ... 0.011371 OK
Zużycie pamięci: 957408.0 17696.0 18721.0
Test 461: ... 0.025948 OK
Zużycie pamięci: 2406376.0 38488.0 39513.0
Test 462: ... 0.082415 OK
Zużycie pamięci: 5955539.0 81928.0 87051.0
Test 463: ... 0.229254 OK
Zużycie pamięci: 14540889.0 172215.0 185532.0
Test 464: ... 0.760266 OK
Zużycie pamięci: 35078411.0 363223.0 392926.0
Test 465: ... 2.724922 OK
Zużycie pamięci: 83722901.0 760604.0 823077.0
Testy bonusowe
Test 501: ... 0.000007 OK
Test 502: ... 0.000057 OK
Test 601: ... 0.000004 OK
Test 602: ... 0.000071 OK

Testy OK!
(B[mPrzetwarzam: b_mgienieczko.ml
[33m
=============================================================================
Mateusz Gienieczko's tests to Przelewanka task.
(I learnt how to use colors, now nothing's the same.)
The tests' author is me, unless explicitly stated otherwise.
=============================================================================
[34mBeginning simple, small tests
[34mTest #1: [31m[32mOK in 0.00 s
[34mTest #2: [31m[32mOK in 0.00 s
[34mTest #3: [31m[32mOK in 0.00 s
[34mTest #4: [31m[32mOK in 0.00 s
[34mTest #5: [31m[32mOK in 0.00 s
[34mTest #6: [31m[32mOK in 0.01 s
[34mTest #7: [31m[32mOK in 0.00 s
[34mTest #8: [31m[32mOK in 0.00 s
[34mTest #9: [31m[32mOK in 0.00 s
[34mTest #10: [31m[32mOK in 0.00 s
[34mTest #11: [31m[32mOK in 0.00 s
[34mTest #12: [31m[32mOK in 0.00 s
[34mTest #13: [31m[32mOK in 0.00 s
[34mTest #14: [31m[32mOK in 0.02 s
[34mTest #15: [31m[32mOK in 0.01 s
[34mTest #16: [31m[32mOK in 0.00 s
[33m=============================================================================
These may take a little longer, but not more than 10 - 30 seconds each
=============================================================================
[34mTest #17: [31m[32mOK in 0.33 s
[34mTest #18: [31m[32mOK in 1.70 s
[34mTest #19: [31m[32mOK in 2.29 s
[34mTest #20: [31m[32mOK in 7.66 s
[34mTest #21: [31m[32mOK in 4.31 s
[34mTest #22: [31m[32mOK in 0.00 s
[34mTest #23: [31m[32mOK in 3.15 s
[34mTest #24: [31m[32mOK in 7.24 s
[34mTest #25: [31m[32mOK in 5.36 s
[34mTest #26: [31m[32mOK in 4.16 s
[34mTest #27: [31m[32mOK in 4.41 s
[34mTest #28: [31m[32mOK in 9.68 s
[34mTest #29: [31m[32mOK in 5.55 s
[34mTest #30: [31m[32mOK in 1.69 s
[34mTest #31: [31m[32mOK in 11.68 s
[34mTest #32: [31m[32mOK in 26.50 s
[33m=============================================================================
Following tests are from III Polish Olympiad inInformatics, task "Mokra robota".The task's author is Piotr Chrzastowski-Wachtel.
=============================================================================
[34mTest #33: [31m[32mOK in 0.00 s
[34mTest #34: [31m[32mOK in 0.00 s
[34mTest #35: [31m[32mOK in 0.00 s
[34mTest #36: [31m[32mOK in 0.00 s
[34mTest #37: [31m[32mOK in 0.00 s
[34mTest #38: [31m[32mOK in 0.00 s
[34mTest #39: [31m[32mOK in 0.00 s
[34mTest #40: [31m[32mOK in 0.00 s
[34mTest #41: [31m[32mOK in 0.00 s
[34mTest #42: [31m[32mOK in 0.01 s
[34mTest #43: [31m[32mOK in 0.12 s
[33m=============================================================================
All tests [32mOK!
[33m=============================================================================
(B[m